# JRE version: OpenJDK Runtime Environment Temurin-21.0.8+9 (21.0.8+9) (build 21.0.8+9-LTS)
# Java VM: OpenJDK 64-Bit Server VM Temurin-21.0.8+9 (21.0.8+9-LTS, mixed mode, sharing, tiered, compressed oops, compressed class ptrs, parallel gc, windows-amd64)
GC Precious Log:
 CardTable entry size: 512
 CPUs: 20 total, 20 available
 Memory: 32487M
 Large Page Support: Disabled
 NUMA Support: Disabled
 Compressed Oops: Enabled (32-bit)
 Alignments: Space 512K, Generation 512K, Heap 2M
 Heap Min Capacity: 100M
 Heap Initial Capacity: 100M
 Heap Max Capacity: 2G
 Pre-touch: Disabled
 Parallel Workers: 15
Heap:
 PSYoungGen      total 2048K, used 577K [0x00000000d5580000, 0x00000000d5880000, 0x0000000100000000)
  eden space 1536K, 10% used [0x00000000d5580000,0x00000000d55a8660,0x00000000d5700000)
  from space 512K, 81% used [0x00000000d5780000,0x00000000d57e8000,0x00000000d5800000)
  to   space 512K, 0% used [0x00000000d5800000,0x00000000d5800000,0x00000000d5880000)
 ParOldGen       total 710656K, used 710298K [0x0000000080000000, 0x00000000ab600000, 0x00000000d5580000)
  object space 710656K, 99% used [0x0000000080000000,0x00000000ab5a6998,0x00000000ab600000)
 Metaspace       used 87438K, committed 88960K, reserved 1179648K
  class space    used 8826K, committed 9536K, reserved 1048576K
GC Heap History (20 events):
Event: 28136.426 GC heap before
{Heap before GC invocations=6796 (full 9):
 PSYoungGen      total 2560K, used 2016K [0x00000000d5580000, 0x00000000d5900000, 0x0000000100000000)
  eden space 1536K, 100% used [0x00000000d5580000,0x00000000d5700000,0x00000000d5700000)
  from space 1024K, 46% used [0x00000000d5700000,0x00000000d5778000,0x00000000d5800000)
  to   space 1024K, 0% used [0x00000000d5800000,0x00000000d5800000,0x00000000d5900000)
 ParOldGen       total 709632K, used 709250K [0x0000000080000000, 0x00000000ab500000, 0x00000000d5580000)
  object space 709632K, 99% used [0x0000000080000000,0x00000000ab4a0958,0x00000000ab500000)
 Metaspace       used 87430K, committed 88960K, reserved 1179648K
  class space    used 8826K, committed 9536K, reserved 1048576K
}
Event: 28136.427 GC heap after
{Heap after GC invocations=6796 (full 9):
 PSYoungGen      total 2048K, used 448K [0x00000000d5580000, 0x00000000d5880000, 0x0000000100000000)
  eden space 1536K, 0% used [0x00000000d5580000,0x00000000d5580000,0x00000000d5700000)
  from space 512K, 87% used [0x00000000d5800000,0x00000000d5870000,0x00000000d5880000)
  to   space 512K, 0% used [0x00000000d5780000,0x00000000d5780000,0x00000000d5800000)
 ParOldGen       total 709632K, used 709290K [0x0000000080000000, 0x00000000ab500000, 0x00000000d5580000)
  object space 709632K, 99% used [0x0000000080000000,0x00000000ab4aa958,0x00000000ab500000)
 Metaspace       used 87430K, committed 88960K, reserved 1179648K
  class space    used 8826K, committed 9536K, reserved 1048576K
}
Event: 28188.290 GC heap before
{Heap before GC invocations=6797 (full 9):
 PSYoungGen      total 2048K, used 1984K [0x00000000d5580000, 0x00000000d5880000, 0x0000000100000000)
  eden space 1536K, 100% used [0x00000000d5580000,0x00000000d5700000,0x00000000d5700000)
  from space 512K, 87% used [0x00000000d5800000,0x00000000d5870000,0x00000000d5880000)
  to   space 512K, 0% used [0x00000000d5780000,0x00000000d5780000,0x00000000d5800000)
 ParOldGen       total 709632K, used 709290K [0x0000000080000000, 0x00000000ab500000, 0x00000000d5580000)
  object space 709632K, 99% used [0x0000000080000000,0x00000000ab4aa958,0x00000000ab500000)
 Metaspace       used 87430K, committed 88960K, reserved 1179648K
  class space    used 8826K, committed 9536K, reserved 1048576K
}
Event: 28188.292 GC heap after
{Heap after GC invocations=6797 (full 9):
 PSYoungGen      total 2048K, used 480K [0x00000000d5580000, 0x00000000d5880000, 0x0000000100000000)
  eden space 1536K, 0% used [0x00000000d5580000,0x00000000d5580000,0x00000000d5700000)
  from space 512K, 93% used [0x00000000d5780000,0x00000000d57f8020,0x00000000d5800000)
  to   space 512K, 0% used [0x00000000d5800000,0x00000000d5800000,0x00000000d5880000)
 ParOldGen       total 709632K, used 709322K [0x0000000080000000, 0x00000000ab500000, 0x00000000d5580000)
  object space 709632K, 99% used [0x0000000080000000,0x00000000ab4b2958,0x00000000ab500000)
 Metaspace       used 87430K, committed 88960K, reserved 1179648K
  class space    used 8826K, committed 9536K, reserved 1048576K
}
Event: 28218.320 GC heap before
{Heap before GC invocations=6798 (full 9):
 PSYoungGen      total 2048K, used 2003K [0x00000000d5580000, 0x00000000d5880000, 0x0000000100000000)
  eden space 1536K, 99% used [0x00000000d5580000,0x00000000d56fce40,0x00000000d5700000)
  from space 512K, 93% used [0x00000000d5780000,0x00000000d57f8020,0x00000000d5800000)
  to   space 512K, 0% used [0x00000000d5800000,0x00000000d5800000,0x00000000d5880000)
 ParOldGen       total 709632K, used 709322K [0x0000000080000000, 0x00000000ab500000, 0x00000000d5580000)
  object space 709632K, 99% used [0x0000000080000000,0x00000000ab4b2958,0x00000000ab500000)
 Metaspace       used 87430K, committed 88960K, reserved 1179648K
  class space    used 8826K, committed 9536K, reserved 1048576K
}
Event: 28218.323 GC heap after
{Heap after GC invocations=6798 (full 9):
 PSYoungGen      total 2048K, used 480K [0x00000000d5580000, 0x00000000d5900000, 0x0000000100000000)
  eden space 1536K, 0% used [0x00000000d5580000,0x00000000d5580000,0x00000000d5700000)
  from space 512K, 93% used [0x00000000d5800000,0x00000000d5878030,0x00000000d5880000)
  to   space 1024K, 0% used [0x00000000d5700000,0x00000000d5700000,0x00000000d5800000)
 ParOldGen       total 709632K, used 709378K [0x0000000080000000, 0x00000000ab500000, 0x00000000d5580000)
  object space 709632K, 99% used [0x0000000080000000,0x00000000ab4c0958,0x00000000ab500000)
 Metaspace       used 87430K, committed 88960K, reserved 1179648K
  class space    used 8826K, committed 9536K, reserved 1048576K
}
Event: 28243.796 GC heap before
{Heap before GC invocations=6799 (full 9):
 PSYoungGen      total 2048K, used 2015K [0x00000000d5580000, 0x00000000d5900000, 0x0000000100000000)
  eden space 1536K, 99% used [0x00000000d5580000,0x00000000d56fff88,0x00000000d5700000)
  from space 512K, 93% used [0x00000000d5800000,0x00000000d5878030,0x00000000d5880000)
  to   space 1024K, 0% used [0x00000000d5700000,0x00000000d5700000,0x00000000d5800000)
 ParOldGen       total 709632K, used 709378K [0x0000000080000000, 0x00000000ab500000, 0x00000000d5580000)
  object space 709632K, 99% used [0x0000000080000000,0x00000000ab4c0958,0x00000000ab500000)
 Metaspace       used 87430K, committed 88960K, reserved 1179648K
  class space    used 8826K, committed 9536K, reserved 1048576K
}
Event: 28243.800 GC heap after
{Heap after GC invocations=6799 (full 9):
 PSYoungGen      total 2560K, used 512K [0x00000000d5580000, 0x00000000d5900000, 0x0000000100000000)
  eden space 1536K, 0% used [0x00000000d5580000,0x00000000d5580000,0x00000000d5700000)
  from space 1024K, 50% used [0x00000000d5700000,0x00000000d5780020,0x00000000d5800000)
  to   space 1024K, 0% used [0x00000000d5800000,0x00000000d5800000,0x00000000d5900000)
 ParOldGen       total 709632K, used 709474K [0x0000000080000000, 0x00000000ab500000, 0x00000000d5580000)
  object space 709632K, 99% used [0x0000000080000000,0x00000000ab4d8958,0x00000000ab500000)
 Metaspace       used 87430K, committed 88960K, reserved 1179648K
  class space    used 8826K, committed 9536K, reserved 1048576K
}
Event: 28403.094 GC heap before
{Heap before GC invocations=6800 (full 9):
 PSYoungGen      total 2560K, used 2048K [0x00000000d5580000, 0x00000000d5900000, 0x0000000100000000)
  eden space 1536K, 100% used [0x00000000d5580000,0x00000000d5700000,0x00000000d5700000)
  from space 1024K, 50% used [0x00000000d5700000,0x00000000d5780020,0x00000000d5800000)
  to   space 1024K, 0% used [0x00000000d5800000,0x00000000d5800000,0x00000000d5900000)
 ParOldGen       total 709632K, used 709474K [0x0000000080000000, 0x00000000ab500000, 0x00000000d5580000)
  object space 709632K, 99% used [0x0000000080000000,0x00000000ab4d8958,0x00000000ab500000)
 Metaspace       used 87430K, committed 88960K, reserved 1179648K
  class space    used 8826K, committed 9536K, reserved 1048576K
}
Event: 28403.095 GC heap after
{Heap after GC invocations=6800 (full 9):
 PSYoungGen      total 2048K, used 480K [0x00000000d5580000, 0x00000000d5880000, 0x0000000100000000)
  eden space 1536K, 0% used [0x00000000d5580000,0x00000000d5580000,0x00000000d5700000)
  from space 512K, 93% used [0x00000000d5800000,0x00000000d5878020,0x00000000d5880000)
  to   space 512K, 0% used [0x00000000d5780000,0x00000000d5780000,0x00000000d5800000)
 ParOldGen       total 709632K, used 709610K [0x0000000080000000, 0x00000000ab500000, 0x00000000d5580000)
  object space 709632K, 99% used [0x0000000080000000,0x00000000ab4fa978,0x00000000ab500000)
 Metaspace       used 87430K, committed 88960K, reserved 1179648K
  class space    used 8826K, committed 9536K, reserved 1048576K
}
Event: 28418.968 GC heap before
{Heap before GC invocations=6801 (full 9):
 PSYoungGen      total 2048K, used 2016K [0x00000000d5580000, 0x00000000d5880000, 0x0000000100000000)
  eden space 1536K, 100% used [0x00000000d5580000,0x00000000d5700000,0x00000000d5700000)
  from space 512K, 93% used [0x00000000d5800000,0x00000000d5878020,0x00000000d5880000)
  to   space 512K, 0% used [0x00000000d5780000,0x00000000d5780000,0x00000000d5800000)
 ParOldGen       total 709632K, used 709610K [0x0000000080000000, 0x00000000ab500000, 0x00000000d5580000)
  object space 709632K, 99% used [0x0000000080000000,0x00000000ab4fa978,0x00000000ab500000)
 Metaspace       used 87434K, committed 88960K, reserved 1179648K
  class space    used 8826K, committed 9536K, reserved 1048576K
}
Event: 28418.970 GC heap after
{Heap after GC invocations=6801 (full 9):
 PSYoungGen      total 2048K, used 416K [0x00000000d5580000, 0x00000000d5880000, 0x0000000100000000)
  eden space 1536K, 0% used [0x00000000d5580000,0x00000000d5580000,0x00000000d5700000)
  from space 512K, 81% used [0x00000000d5780000,0x00000000d57e8000,0x00000000d5800000)
  to   space 512K, 0% used [0x00000000d5800000,0x00000000d5800000,0x00000000d5880000)
 ParOldGen       total 710144K, used 709770K [0x0000000080000000, 0x00000000ab580000, 0x00000000d5580000)
  object space 710144K, 99% used [0x0000000080000000,0x00000000ab522998,0x00000000ab580000)
 Metaspace       used 87434K, committed 88960K, reserved 1179648K
  class space    used 8826K, committed 9536K, reserved 1048576K
}
Event: 28436.337 GC heap before
{Heap before GC invocations=6802 (full 9):
 PSYoungGen      total 2048K, used 1952K [0x00000000d5580000, 0x00000000d5880000, 0x0000000100000000)
  eden space 1536K, 100% used [0x00000000d5580000,0x00000000d5700000,0x00000000d5700000)
  from space 512K, 81% used [0x00000000d5780000,0x00000000d57e8000,0x00000000d5800000)
  to   space 512K, 0% used [0x00000000d5800000,0x00000000d5800000,0x00000000d5880000)
 ParOldGen       total 710144K, used 709770K [0x0000000080000000, 0x00000000ab580000, 0x00000000d5580000)
  object space 710144K, 99% used [0x0000000080000000,0x00000000ab522998,0x00000000ab580000)
 Metaspace       used 87437K, committed 88960K, reserved 1179648K
  class space    used 8826K, committed 9536K, reserved 1048576K
}
Event: 28436.340 GC heap after
{Heap after GC invocations=6802 (full 9):
 PSYoungGen      total 2048K, used 416K [0x00000000d5580000, 0x00000000d5880000, 0x0000000100000000)
  eden space 1536K, 0% used [0x00000000d5580000,0x00000000d5580000,0x00000000d5700000)
  from space 512K, 81% used [0x00000000d5800000,0x00000000d5868000,0x00000000d5880000)
  to   space 512K, 0% used [0x00000000d5780000,0x00000000d5780000,0x00000000d5800000)
 ParOldGen       total 710144K, used 709874K [0x0000000080000000, 0x00000000ab580000, 0x00000000d5580000)
  object space 710144K, 99% used [0x0000000080000000,0x00000000ab53c998,0x00000000ab580000)
 Metaspace       used 87437K, committed 88960K, reserved 1179648K
  class space    used 8826K, committed 9536K, reserved 1048576K
}
Event: 28438.876 GC heap before
{Heap before GC invocations=6803 (full 9):
 PSYoungGen      total 2048K, used 1951K [0x00000000d5580000, 0x00000000d5880000, 0x0000000100000000)
  eden space 1536K, 99% used [0x00000000d5580000,0x00000000d56ffd28,0x00000000d5700000)
  from space 512K, 81% used [0x00000000d5800000,0x00000000d5868000,0x00000000d5880000)
  to   space 512K, 0% used [0x00000000d5780000,0x00000000d5780000,0x00000000d5800000)
 ParOldGen       total 710144K, used 709874K [0x0000000080000000, 0x00000000ab580000, 0x00000000d5580000)
  object space 710144K, 99% used [0x0000000080000000,0x00000000ab53c998,0x00000000ab580000)
 Metaspace       used 87438K, committed 88960K, reserved 1179648K
  class space    used 8826K, committed 9536K, reserved 1048576K
}
Event: 28438.880 GC heap after
{Heap after GC invocations=6803 (full 9):
 PSYoungGen      total 2048K, used 368K [0x00000000d5580000, 0x00000000d5880000, 0x0000000100000000)
  eden space 1536K, 0% used [0x00000000d5580000,0x00000000d5580000,0x00000000d5700000)
  from space 512K, 71% used [0x00000000d5780000,0x00000000d57dc010,0x00000000d5800000)
  to   space 512K, 0% used [0x00000000d5800000,0x00000000d5800000,0x00000000d5880000)
 ParOldGen       total 710144K, used 710026K [0x0000000080000000, 0x00000000ab580000, 0x00000000d5580000)
  object space 710144K, 99% used [0x0000000080000000,0x00000000ab562998,0x00000000ab580000)
 Metaspace       used 87438K, committed 88960K, reserved 1179648K
  class space    used 8826K, committed 9536K, reserved 1048576K
}
Event: 28456.744 GC heap before
{Heap before GC invocations=6804 (full 9):
 PSYoungGen      total 2048K, used 1904K [0x00000000d5580000, 0x00000000d5880000, 0x0000000100000000)
  eden space 1536K, 100% used [0x00000000d5580000,0x00000000d5700000,0x00000000d5700000)
  from space 512K, 71% used [0x00000000d5780000,0x00000000d57dc010,0x00000000d5800000)
  to   space 512K, 0% used [0x00000000d5800000,0x00000000d5800000,0x00000000d5880000)
 ParOldGen       total 710144K, used 710026K [0x0000000080000000, 0x00000000ab580000, 0x00000000d5580000)
  object space 710144K, 99% used [0x0000000080000000,0x00000000ab562998,0x00000000ab580000)
 Metaspace       used 87438K, committed 88960K, reserved 1179648K
  class space    used 8826K, committed 9536K, reserved 1048576K
}
Event: 28456.746 GC heap after
{Heap after GC invocations=6804 (full 9):
 PSYoungGen      total 2048K, used 400K [0x00000000d5580000, 0x00000000d5880000, 0x0000000100000000)
  eden space 1536K, 0% used [0x00000000d5580000,0x00000000d5580000,0x00000000d5700000)
  from space 512K, 78% used [0x00000000d5800000,0x00000000d5864010,0x00000000d5880000)
  to   space 512K, 0% used [0x00000000d5780000,0x00000000d5780000,0x00000000d5800000)
 ParOldGen       total 710656K, used 710162K [0x0000000080000000, 0x00000000ab600000, 0x00000000d5580000)
  object space 710656K, 99% used [0x0000000080000000,0x00000000ab584998,0x00000000ab600000)
 Metaspace       used 87438K, committed 88960K, reserved 1179648K
  class space    used 8826K, committed 9536K, reserved 1048576K
}
Event: 28468.787 GC heap before
{Heap before GC invocations=6805 (full 9):
 PSYoungGen      total 2048K, used 1936K [0x00000000d5580000, 0x00000000d5880000, 0x0000000100000000)
  eden space 1536K, 100% used [0x00000000d5580000,0x00000000d5700000,0x00000000d5700000)
  from space 512K, 78% used [0x00000000d5800000,0x00000000d5864010,0x00000000d5880000)
  to   space 512K, 0% used [0x00000000d5780000,0x00000000d5780000,0x00000000d5800000)
 ParOldGen       total 710656K, used 710162K [0x0000000080000000, 0x00000000ab600000, 0x00000000d5580000)
  object space 710656K, 99% used [0x0000000080000000,0x00000000ab584998,0x00000000ab600000)
 Metaspace       used 87438K, committed 88960K, reserved 1179648K
  class space    used 8826K, committed 9536K, reserved 1048576K
}
Event: 28468.789 GC heap after
{Heap after GC invocations=6805 (full 9):
 PSYoungGen      total 2048K, used 416K [0x00000000d5580000, 0x00000000d5880000, 0x0000000100000000)
  eden space 1536K, 0% used [0x00000000d5580000,0x00000000d5580000,0x00000000d5700000)
  from space 512K, 81% used [0x00000000d5780000,0x00000000d57e8000,0x00000000d5800000)
  to   space 512K, 0% used [0x00000000d5800000,0x00000000d5800000,0x00000000d5880000)
 ParOldGen       total 710656K, used 710298K [0x0000000080000000, 0x00000000ab600000, 0x00000000d5580000)
  object space 710656K, 99% used [0x0000000080000000,0x00000000ab5a6998,0x00000000ab600000)
 Metaspace       used 87438K, committed 88960K, reserved 1179648K
  class space    used 8826K, committed 9536K, reserved 1048576K
}

